[33mThe CJS build of Vite's Node API is deprecated. See https://vite.dev/guide/troubleshooting.html#vite-cjs-node-api-deprecated for more details.[39m
[2m13:12:51[22m [31m[1m[vite][22m[39m Pre-transform error: Failed to parse source for import analysis because the content contains invalid JS syntax. If you are using JSX, make sure to name the file with the .jsx or .tsx extension.
[2m13:12:51[22m [31m[1m[vite][22m[39m Pre-transform error: Failed to parse source for import analysis because the content contains invalid JS syntax. If you are using JSX, make sure to name the file with the .jsx or .tsx extension.
[2m13:12:52[22m [31m[1m[vite][22m[39m [31mInternal server error: Failed to parse source for import analysis because the content contains invalid JS syntax. If you are using JSX, make sure to name the file with the .jsx or .tsx extension.[39m
  Plugin: [35mvite:import-analysis[39m
  File: [36mD:/pro.cardesign/src/core/scaling-tool.js[39m:181:5
[33m  179|     }
  180|        }
  181|      }
     |      ^
  182|    }
  183|  [39m
      at TransformPluginContext._formatError (file:///D:/pro.cardesign/node_modules/vite/dist/node/chunks/dep-BK3b2jBa.js:49258:41)
      at TransformPluginContext.error (file:///D:/pro.cardesign/node_modules/vite/dist/node/chunks/dep-BK3b2jBa.js:49253:16)
      at TransformPluginContext.transform (file:///D:/pro.cardesign/node_modules/vite/dist/node/chunks/dep-BK3b2jBa.js:64259:14)
      at async PluginContainer.transform (file:///D:/pro.cardesign/node_modules/vite/dist/node/chunks/dep-BK3b2jBa.js:49099:18)
      at async loadAndTransform (file:///D:/pro.cardesign/node_modules/vite/dist/node/chunks/dep-BK3b2jBa.js:51978:27)
      at async viteTransformMiddleware (file:///D:/pro.cardesign/node_modules/vite/dist/node/chunks/dep-BK3b2jBa.js:62106:24)
[2m13:13:19[22m [31m[1m[vite][22m[39m Pre-transform error: Failed to parse source for import analysis because the content contains invalid JS syntax. If you are using JSX, make sure to name the file with the .jsx or .tsx extension.
[2m13:13:19[22m [31m[1m[vite][22m[39m Pre-transform error: Failed to parse source for import analysis because the content contains invalid JS syntax. If you are using JSX, make sure to name the file with the .jsx or .tsx extension.
[2m13:13:19[22m [31m[1m[vite][22m[39m [31mInternal server error: Failed to parse source for import analysis because the content contains invalid JS syntax. If you are using JSX, make sure to name the file with the .jsx or .tsx extension.[39m
  Plugin: [35mvite:import-analysis[39m
  File: [36mD:/pro.cardesign/src/core/scaling-tool.js[39m:182:5
[33m  180|     }
  181|        }
  182|      }
     |      ^
  183|    }
  184|  [39m
      at TransformPluginContext._formatError (file:///D:/pro.cardesign/node_modules/vite/dist/node/chunks/dep-BK3b2jBa.js:49258:41)
      at TransformPluginContext.error (file:///D:/pro.cardesign/node_modules/vite/dist/node/chunks/dep-BK3b2jBa.js:49253:16)
      at TransformPluginContext.transform (file:///D:/pro.cardesign/node_modules/vite/dist/node/chunks/dep-BK3b2jBa.js:64259:14)
      at async PluginContainer.transform (file:///D:/pro.cardesign/node_modules/vite/dist/node/chunks/dep-BK3b2jBa.js:49099:18)
      at async loadAndTransform (file:///D:/pro.cardesign/node_modules/vite/dist/node/chunks/dep-BK3b2jBa.js:51978:27)
      at async viteTransformMiddleware (file:///D:/pro.cardesign/node_modules/vite/dist/node/chunks/dep-BK3b2jBa.js:62106:24)
[2m13:15:06[22m [31m[1m[vite][22m[39m Pre-transform error: Failed to parse source for import analysis because the content contains invalid JS syntax. If you are using JSX, make sure to name the file with the .jsx or .tsx extension.
[2m13:15:06[22m [31m[1m[vite][22m[39m [31mInternal server error: Failed to parse source for import analysis because the content contains invalid JS syntax. If you are using JSX, make sure to name the file with the .jsx or .tsx extension.[39m
  Plugin: [35mvite:import-analysis[39m
  File: [36mD:/pro.cardesign/src/core/scaling-tool.js[39m:182:5
[33m  180|     }
  181|        }
  182|      }
     |      ^
  183|    }
  184|  [39m
      at TransformPluginContext._formatError (file:///D:/pro.cardesign/node_modules/vite/dist/node/chunks/dep-BK3b2jBa.js:49258:41)
      at TransformPluginContext.error (file:///D:/pro.cardesign/node_modules/vite/dist/node/chunks/dep-BK3b2jBa.js:49253:16)
      at TransformPluginContext.transform (file:///D:/pro.cardesign/node_modules/vite/dist/node/chunks/dep-BK3b2jBa.js:64259:14)
      at async PluginContainer.transform (file:///D:/pro.cardesign/node_modules/vite/dist/node/chunks/dep-BK3b2jBa.js:49099:18)
      at async loadAndTransform (file:///D:/pro.cardesign/node_modules/vite/dist/node/chunks/dep-BK3b2jBa.js:51978:27)
      at async viteTransformMiddleware (file:///D:/pro.cardesign/node_modules/vite/dist/node/chunks/dep-BK3b2jBa.js:62106:24)
[2m13:15:51[22m [31m[1m[vite][22m[39m Pre-transform error: Failed to parse source for import analysis because the content contains invalid JS syntax. If you are using JSX, make sure to name the file with the .jsx or .tsx extension.
[2m13:15:51[22m [31m[1m[vite][22m[39m Pre-transform error: Failed to parse source for import analysis because the content contains invalid JS syntax. If you are using JSX, make sure to name the file with the .jsx or .tsx extension.
[2m13:15:51[22m [31m[1m[vite][22m[39m [31mInternal server error: Failed to parse source for import analysis because the content contains invalid JS syntax. If you are using JSX, make sure to name the file with the .jsx or .tsx extension.[39m
  Plugin: [35mvite:import-analysis[39m
  File: [36mD:/pro.cardesign/src/core/scaling-tool.js[39m:182:3
[33m  180|        }
  181|      }
  182|    }
     |    ^
  183|  
  184|    _onMouseUp(event) {[39m
      at TransformPluginContext._formatError (file:///D:/pro.cardesign/node_modules/vite/dist/node/chunks/dep-BK3b2jBa.js:49258:41)
      at TransformPluginContext.error (file:///D:/pro.cardesign/node_modules/vite/dist/node/chunks/dep-BK3b2jBa.js:49253:16)
      at TransformPluginContext.transform (file:///D:/pro.cardesign/node_modules/vite/dist/node/chunks/dep-BK3b2jBa.js:64259:14)
      at async PluginContainer.transform (file:///D:/pro.cardesign/node_modules/vite/dist/node/chunks/dep-BK3b2jBa.js:49099:18)
      at async loadAndTransform (file:///D:/pro.cardesign/node_modules/vite/dist/node/chunks/dep-BK3b2jBa.js:51978:27)
      at async viteTransformMiddleware (file:///D:/pro.cardesign/node_modules/vite/dist/node/chunks/dep-BK3b2jBa.js:62106:24)
[2m13:18:10[22m [31m[1m[vite][22m[39m [31mInternal server error: Failed to parse source for import analysis because the content contains invalid JS syntax. If you are using JSX, make sure to name the file with the .jsx or .tsx extension.[39m
  Plugin: [35mvite:import-analysis[39m
  File: [36mD:/pro.cardesign/src/core/scaling-tool.js[39m:182:3
[33m  180|        }
  181|      }
  182|    }
     |    ^
  183|  
  184|    _onMouseUp(event) {[39m
      at TransformPluginContext._formatError (file:///D:/pro.cardesign/node_modules/vite/dist/node/chunks/dep-BK3b2jBa.js:49258:41)
      at TransformPluginContext.error (file:///D:/pro.cardesign/node_modules/vite/dist/node/chunks/dep-BK3b2jBa.js:49253:16)
      at TransformPluginContext.transform (file:///D:/pro.cardesign/node_modules/vite/dist/node/chunks/dep-BK3b2jBa.js:64259:14)
      at async PluginContainer.transform (file:///D:/pro.cardesign/node_modules/vite/dist/node/chunks/dep-BK3b2jBa.js:49099:18)
      at async loadAndTransform (file:///D:/pro.cardesign/node_modules/vite/dist/node/chunks/dep-BK3b2jBa.js:51978:27)
      at async viteTransformMiddleware (file:///D:/pro.cardesign/node_modules/vite/dist/node/chunks/dep-BK3b2jBa.js:62106:24)
[2m13:23:59[22m [31m[1m[vite][22m[39m Pre-transform error: Failed to parse source for import analysis because the content contains invalid JS syntax. If you are using JSX, make sure to name the file with the .jsx or .tsx extension.
[2m13:23:59[22m [31m[1m[vite][22m[39m Pre-transform error: Failed to parse source for import analysis because the content contains invalid JS syntax. If you are using JSX, make sure to name the file with the .jsx or .tsx extension.
[2m13:24:00[22m [31m[1m[vite][22m[39m [31mInternal server error: Failed to parse source for import analysis because the content contains invalid JS syntax. If you are using JSX, make sure to name the file with the .jsx or .tsx extension.[39m
  Plugin: [35mvite:import-analysis[39m
  File: [36mD:/pro.cardesign/src/core/scaling-tool.js[39m:287:5
[33m  286|      }
  287|    }
  288|  }
     |  ^
  289|  
  290|  export default ScalingTool;[39m
      at TransformPluginContext._formatError (file:///D:/pro.cardesign/node_modules/vite/dist/node/chunks/dep-BK3b2jBa.js:49258:41)
      at TransformPluginContext.error (file:///D:/pro.cardesign/node_modules/vite/dist/node/chunks/dep-BK3b2jBa.js:49253:16)
      at TransformPluginContext.transform (file:///D:/pro.cardesign/node_modules/vite/dist/node/chunks/dep-BK3b2jBa.js:64259:14)
      at async PluginContainer.transform (file:///D:/pro.cardesign/node_modules/vite/dist/node/chunks/dep-BK3b2jBa.js:49099:18)
      at async loadAndTransform (file:///D:/pro.cardesign/node_modules/vite/dist/node/chunks/dep-BK3b2jBa.js:51978:27)
      at async viteTransformMiddleware (file:///D:/pro.cardesign/node_modules/vite/dist/node/chunks/dep-BK3b2jBa.js:62106:24)
[2m13:24:48[22m [31m[1m[vite][22m[39m [31mInternal server error: Failed to parse source for import analysis because the content contains invalid JS syntax. If you are using JSX, make sure to name the file with the .jsx or .tsx extension.[39m
  Plugin: [35mvite:import-analysis[39m
  File: [36mD:/pro.cardesign/src/core/scaling-tool.js[39m:287:5
[33m  286|      }
  287|    }
  288|  }
     |  ^
  289|  
  290|  export default ScalingTool;[39m
      at TransformPluginContext._formatError (file:///D:/pro.cardesign/node_modules/vite/dist/node/chunks/dep-BK3b2jBa.js:49258:41)
      at TransformPluginContext.error (file:///D:/pro.cardesign/node_modules/vite/dist/node/chunks/dep-BK3b2jBa.js:49253:16)
      at TransformPluginContext.transform (file:///D:/pro.cardesign/node_modules/vite/dist/node/chunks/dep-BK3b2jBa.js:64259:14)
      at async PluginContainer.transform (file:///D:/pro.cardesign/node_modules/vite/dist/node/chunks/dep-BK3b2jBa.js:49099:18)
      at async loadAndTransform (file:///D:/pro.cardesign/node_modules/vite/dist/node/chunks/dep-BK3b2jBa.js:51978:27)
      at async viteTransformMiddleware (file:///D:/pro.cardesign/node_modules/vite/dist/node/chunks/dep-BK3b2jBa.js:62106:24)
